<?xml version="1.0" encoding="UTF-8"?>
<!-- Generated by org.testng.reporters.JUnitXMLReporter -->
<testsuite hostname="LNAR-PC0TYAT6" ignored="0" tests="5" failures="0" timestamp="25 Jul 2019 02:39:52 GMT" time="266.292" errors="0">
  <testcase name="TC_001" time="43.669" classname="HomePageTests"/>
  <testcase name="TC_001" time="43.191" classname="HomePageTests"/>
  <testcase name="TC_001" time="43.448" classname="HomePageTests"/>
  <testcase name="TC_001" time="42.219" classname="HomePageTests"/>
  <testcase name="TC_001" time="41.487" classname="HomePageTests"/>
</testsuite>
