<?xml version="1.0" encoding="UTF-8"?>
<testsuite xmlns:xsi="http://www.w3.org/2001/XMLSchema-instance" xsi:noNamespaceSchemaLocation="https://maven.apache.org/surefire/maven-surefire-plugin/xsd/surefire-test-report.xsd" name="TestSuite" time="24.455" tests="10" errors="0" skipped="9" failures="1">
  <properties>
[...]
</properties>
  <testcase name="preConfig" classname="HomePageTests" time="23.781">
    <failure message="java.net.ConnectException: Failed to connect to localhost/127.0.0.1:26994&#10;Build info: version: &apos;3.13.0&apos;, revision: &apos;2f0d292&apos;, time: &apos;2018-06-25T15:24:21.231Z&apos;&#10;System info: host: &apos;LNAR-PC0TYAT6&apos;, ip: &apos;192.168.0.106&apos;, os.name: &apos;Windows 10&apos;, os.arch: &apos;amd64&apos;, os.version: &apos;10.0&apos;, java.version: &apos;1.8.0_221&apos;&#10;Driver info: driver.version: Driver" type="org.openqa.selenium.WebDriverException">org.openqa.selenium.WebDriverException: 
java.net.ConnectException: Failed to connect to localhost/127.0.0.1:26994
Build info: version: '3.13.0', revision: '2f0d292', time: '2018-06-25T15:24:21.231Z'
System info: host: 'LNAR-PC0TYAT6', ip: '192.168.0.106', os.name: 'Windows 10', os.arch: 'amd64', os.version: '10.0', java.version: '1.8.0_221'
Driver info: driver.version: Driver
	at HomePageTests.preConfig(HomePageTests.java:21)
Caused by: java.net.ConnectException: Failed to connect to localhost/127.0.0.1:26994
	at HomePageTests.preConfig(HomePageTests.java:21)
Caused by: java.net.ConnectException: Connection refused: connect
	at HomePageTests.preConfig(HomePageTests.java:21)
</failure>
    <system-out><![CDATA[*** Test Suite HomePageTestCases started ***
]]></system-out>
  </testcase>
  <testcase name="preConfig" classname="HomePageTests" time="0">
    <skipped/>
    <system-out><![CDATA[*** Test TC_001 skipped...
Deleting old and creating new directory: C:\KayakTest\Output_ExtentReport
]]></system-out>
    <system-err><![CDATA[java.lang.NullPointerException
	at com.my.test.kayak.listeners.TestListener.onTestSkipped(TestListener.java:61)
	at org.testng.internal.Invoker.runTestListeners(Invoker.java:1723)
	at org.testng.internal.Invoker.runTestListeners(Invoker.java:1714)
	at org.testng.internal.Invoker.registerSkippedTestResult(Invoker.java:1272)
	at org.testng.internal.Invoker.invokeMethod(Invoker.java:605)
	at org.testng.internal.Invoker.invokeTestMethod(Invoker.java:869)
	at org.testng.internal.Invoker.invokeTestMethods(Invoker.java:1193)
	at org.testng.internal.TestMethodWorker.invokeTestMethods(TestMethodWorker.java:126)
	at org.testng.internal.TestMethodWorker.run(TestMethodWorker.java:109)
	at org.testng.TestRunner.privateRun(TestRunner.java:744)
	at org.testng.TestRunner.run(TestRunner.java:602)
	at org.testng.SuiteRunner.runTest(SuiteRunner.java:380)
	at org.testng.SuiteRunner.runSequentially(SuiteRunner.java:375)
	at org.testng.SuiteRunner.privateRun(SuiteRunner.java:340)
	at org.testng.SuiteRunner.run(SuiteRunner.java:289)
	at org.testng.SuiteRunnerWorker.runSuite(SuiteRunnerWorker.java:52)
	at org.testng.SuiteRunnerWorker.run(SuiteRunnerWorker.java:86)
	at org.testng.TestNG.runSuitesSequentially(TestNG.java:1301)
	at org.testng.TestNG.runSuitesLocally(TestNG.java:1226)
	at org.testng.TestNG.runSuites(TestNG.java:1144)
	at org.testng.TestNG.run(TestNG.java:1115)
	at org.apache.maven.surefire.testng.TestNGExecutor.run(TestNGExecutor.java:283)
	at org.apache.maven.surefire.testng.TestNGXmlTestSuite.execute(TestNGXmlTestSuite.java:75)
	at org.apache.maven.surefire.testng.TestNGProvider.invoke(TestNGProvider.java:120)
	at org.apache.maven.surefire.booter.ForkedBooter.invokeProviderInSameClassLoader(ForkedBooter.java:379)
	at org.apache.maven.surefire.booter.ForkedBooter.runSuitesInProcess(ForkedBooter.java:340)
	at org.apache.maven.surefire.booter.ForkedBooter.execute(ForkedBooter.java:125)
	at org.apache.maven.surefire.booter.ForkedBooter.main(ForkedBooter.java:413)
]]></system-err>
  </testcase>
  <testcase name="preConfig" classname="HomePageTests" time="0">
    <skipped/>
    <system-out><![CDATA[*** Test TC_001 skipped...
]]></system-out>
    <system-err><![CDATA[java.lang.NullPointerException
	at com.my.test.kayak.listeners.TestListener.onTestSkipped(TestListener.java:61)
	at org.testng.internal.Invoker.runTestListeners(Invoker.java:1723)
	at org.testng.internal.Invoker.runTestListeners(Invoker.java:1714)
	at org.testng.internal.Invoker.registerSkippedTestResult(Invoker.java:1272)
	at org.testng.internal.Invoker.invokeMethod(Invoker.java:605)
	at org.testng.internal.Invoker.invokeTestMethod(Invoker.java:869)
	at org.testng.internal.Invoker.invokeTestMethods(Invoker.java:1193)
	at org.testng.internal.TestMethodWorker.invokeTestMethods(TestMethodWorker.java:126)
	at org.testng.internal.TestMethodWorker.run(TestMethodWorker.java:109)
	at org.testng.TestRunner.privateRun(TestRunner.java:744)
	at org.testng.TestRunner.run(TestRunner.java:602)
	at org.testng.SuiteRunner.runTest(SuiteRunner.java:380)
	at org.testng.SuiteRunner.runSequentially(SuiteRunner.java:375)
	at org.testng.SuiteRunner.privateRun(SuiteRunner.java:340)
	at org.testng.SuiteRunner.run(SuiteRunner.java:289)
	at org.testng.SuiteRunnerWorker.runSuite(SuiteRunnerWorker.java:52)
	at org.testng.SuiteRunnerWorker.run(SuiteRunnerWorker.java:86)
	at org.testng.TestNG.runSuitesSequentially(TestNG.java:1301)
	at org.testng.TestNG.runSuitesLocally(TestNG.java:1226)
	at org.testng.TestNG.runSuites(TestNG.java:1144)
	at org.testng.TestNG.run(TestNG.java:1115)
	at org.apache.maven.surefire.testng.TestNGExecutor.run(TestNGExecutor.java:283)
	at org.apache.maven.surefire.testng.TestNGXmlTestSuite.execute(TestNGXmlTestSuite.java:75)
	at org.apache.maven.surefire.testng.TestNGProvider.invoke(TestNGProvider.java:120)
	at org.apache.maven.surefire.booter.ForkedBooter.invokeProviderInSameClassLoader(ForkedBooter.java:379)
	at org.apache.maven.surefire.booter.ForkedBooter.runSuitesInProcess(ForkedBooter.java:340)
	at org.apache.maven.surefire.booter.ForkedBooter.execute(ForkedBooter.java:125)
	at org.apache.maven.surefire.booter.ForkedBooter.main(ForkedBooter.java:413)
]]></system-err>
  </testcase>
  <testcase name="preConfig" classname="HomePageTests" time="0">
    <skipped/>
    <system-out><![CDATA[*** Test TC_001 skipped...
]]></system-out>
    <system-err><![CDATA[java.lang.NullPointerException
	at com.my.test.kayak.listeners.TestListener.onTestSkipped(TestListener.java:61)
	at org.testng.internal.Invoker.runTestListeners(Invoker.java:1723)
	at org.testng.internal.Invoker.runTestListeners(Invoker.java:1714)
	at org.testng.internal.Invoker.registerSkippedTestResult(Invoker.java:1272)
	at org.testng.internal.Invoker.invokeMethod(Invoker.java:605)
	at org.testng.internal.Invoker.invokeTestMethod(Invoker.java:869)
	at org.testng.internal.Invoker.invokeTestMethods(Invoker.java:1193)
	at org.testng.internal.TestMethodWorker.invokeTestMethods(TestMethodWorker.java:126)
	at org.testng.internal.TestMethodWorker.run(TestMethodWorker.java:109)
	at org.testng.TestRunner.privateRun(TestRunner.java:744)
	at org.testng.TestRunner.run(TestRunner.java:602)
	at org.testng.SuiteRunner.runTest(SuiteRunner.java:380)
	at org.testng.SuiteRunner.runSequentially(SuiteRunner.java:375)
	at org.testng.SuiteRunner.privateRun(SuiteRunner.java:340)
	at org.testng.SuiteRunner.run(SuiteRunner.java:289)
	at org.testng.SuiteRunnerWorker.runSuite(SuiteRunnerWorker.java:52)
	at org.testng.SuiteRunnerWorker.run(SuiteRunnerWorker.java:86)
	at org.testng.TestNG.runSuitesSequentially(TestNG.java:1301)
	at org.testng.TestNG.runSuitesLocally(TestNG.java:1226)
	at org.testng.TestNG.runSuites(TestNG.java:1144)
	at org.testng.TestNG.run(TestNG.java:1115)
	at org.apache.maven.surefire.testng.TestNGExecutor.run(TestNGExecutor.java:283)
	at org.apache.maven.surefire.testng.TestNGXmlTestSuite.execute(TestNGXmlTestSuite.java:75)
	at org.apache.maven.surefire.testng.TestNGProvider.invoke(TestNGProvider.java:120)
	at org.apache.maven.surefire.booter.ForkedBooter.invokeProviderInSameClassLoader(ForkedBooter.java:379)
	at org.apache.maven.surefire.booter.ForkedBooter.runSuitesInProcess(ForkedBooter.java:340)
	at org.apache.maven.surefire.booter.ForkedBooter.execute(ForkedBooter.java:125)
	at org.apache.maven.surefire.booter.ForkedBooter.main(ForkedBooter.java:413)
]]></system-err>
  </testcase>
  <testcase name="preConfig" classname="HomePageTests" time="0">
    <skipped/>
    <system-out><![CDATA[*** Test TC_001 skipped...
]]></system-out>
    <system-err><![CDATA[java.lang.NullPointerException
	at com.my.test.kayak.listeners.TestListener.onTestSkipped(TestListener.java:61)
	at org.testng.internal.Invoker.runTestListeners(Invoker.java:1723)
	at org.testng.internal.Invoker.runTestListeners(Invoker.java:1714)
	at org.testng.internal.Invoker.registerSkippedTestResult(Invoker.java:1272)
	at org.testng.internal.Invoker.invokeMethod(Invoker.java:605)
	at org.testng.internal.Invoker.invokeTestMethod(Invoker.java:869)
	at org.testng.internal.Invoker.invokeTestMethods(Invoker.java:1193)
	at org.testng.internal.TestMethodWorker.invokeTestMethods(TestMethodWorker.java:126)
	at org.testng.internal.TestMethodWorker.run(TestMethodWorker.java:109)
	at org.testng.TestRunner.privateRun(TestRunner.java:744)
	at org.testng.TestRunner.run(TestRunner.java:602)
	at org.testng.SuiteRunner.runTest(SuiteRunner.java:380)
	at org.testng.SuiteRunner.runSequentially(SuiteRunner.java:375)
	at org.testng.SuiteRunner.privateRun(SuiteRunner.java:340)
	at org.testng.SuiteRunner.run(SuiteRunner.java:289)
	at org.testng.SuiteRunnerWorker.runSuite(SuiteRunnerWorker.java:52)
	at org.testng.SuiteRunnerWorker.run(SuiteRunnerWorker.java:86)
	at org.testng.TestNG.runSuitesSequentially(TestNG.java:1301)
	at org.testng.TestNG.runSuitesLocally(TestNG.java:1226)
	at org.testng.TestNG.runSuites(TestNG.java:1144)
	at org.testng.TestNG.run(TestNG.java:1115)
	at org.apache.maven.surefire.testng.TestNGExecutor.run(TestNGExecutor.java:283)
	at org.apache.maven.surefire.testng.TestNGXmlTestSuite.execute(TestNGXmlTestSuite.java:75)
	at org.apache.maven.surefire.testng.TestNGProvider.invoke(TestNGProvider.java:120)
	at org.apache.maven.surefire.booter.ForkedBooter.invokeProviderInSameClassLoader(ForkedBooter.java:379)
	at org.apache.maven.surefire.booter.ForkedBooter.runSuitesInProcess(ForkedBooter.java:340)
	at org.apache.maven.surefire.booter.ForkedBooter.execute(ForkedBooter.java:125)
	at org.apache.maven.surefire.booter.ForkedBooter.main(ForkedBooter.java:413)
]]></system-err>
  </testcase>
  <testcase name="TC_001" classname="HomePageTests" time="0">
    <skipped message="java.net.ConnectException: Failed to connect to localhost/127.0.0.1:26994&#10;Build info: version: &apos;3.13.0&apos;, revision: &apos;2f0d292&apos;, time: &apos;2018-06-25T15:24:21.231Z&apos;&#10;System info: host: &apos;LNAR-PC0TYAT6&apos;, ip: &apos;192.168.0.106&apos;, os.name: &apos;Windows 10&apos;, os.arch: &apos;amd64&apos;, os.version: &apos;10.0&apos;, java.version: &apos;1.8.0_221&apos;&#10;Driver info: driver.version: Driver"/>
  </testcase>
  <testcase name="TC_001" classname="HomePageTests" time="0">
    <skipped message="java.net.ConnectException: Failed to connect to localhost/127.0.0.1:26994&#10;Build info: version: &apos;3.13.0&apos;, revision: &apos;2f0d292&apos;, time: &apos;2018-06-25T15:24:21.231Z&apos;&#10;System info: host: &apos;LNAR-PC0TYAT6&apos;, ip: &apos;192.168.0.106&apos;, os.name: &apos;Windows 10&apos;, os.arch: &apos;amd64&apos;, os.version: &apos;10.0&apos;, java.version: &apos;1.8.0_221&apos;&#10;Driver info: driver.version: Driver"/>
  </testcase>
  <testcase name="TC_001" classname="HomePageTests" time="0">
    <skipped message="java.net.ConnectException: Failed to connect to localhost/127.0.0.1:26994&#10;Build info: version: &apos;3.13.0&apos;, revision: &apos;2f0d292&apos;, time: &apos;2018-06-25T15:24:21.231Z&apos;&#10;System info: host: &apos;LNAR-PC0TYAT6&apos;, ip: &apos;192.168.0.106&apos;, os.name: &apos;Windows 10&apos;, os.arch: &apos;amd64&apos;, os.version: &apos;10.0&apos;, java.version: &apos;1.8.0_221&apos;&#10;Driver info: driver.version: Driver"/>
  </testcase>
  <testcase name="TC_001" classname="HomePageTests" time="0">
    <skipped message="java.net.ConnectException: Failed to connect to localhost/127.0.0.1:26994&#10;Build info: version: &apos;3.13.0&apos;, revision: &apos;2f0d292&apos;, time: &apos;2018-06-25T15:24:21.231Z&apos;&#10;System info: host: &apos;LNAR-PC0TYAT6&apos;, ip: &apos;192.168.0.106&apos;, os.name: &apos;Windows 10&apos;, os.arch: &apos;amd64&apos;, os.version: &apos;10.0&apos;, java.version: &apos;1.8.0_221&apos;&#10;Driver info: driver.version: Driver"/>
  </testcase>
  <testcase name="TC_001" classname="HomePageTests" time="0">
    <skipped message="java.net.ConnectException: Failed to connect to localhost/127.0.0.1:26994&#10;Build info: version: &apos;3.13.0&apos;, revision: &apos;2f0d292&apos;, time: &apos;2018-06-25T15:24:21.231Z&apos;&#10;System info: host: &apos;LNAR-PC0TYAT6&apos;, ip: &apos;192.168.0.106&apos;, os.name: &apos;Windows 10&apos;, os.arch: &apos;amd64&apos;, os.version: &apos;10.0&apos;, java.version: &apos;1.8.0_221&apos;&#10;Driver info: driver.version: Driver"/>
  </testcase>
</testsuite>